<?xml version="1.0" encoding="UTF-8"?>
<coverage generated="1637435827161" clover="3.2.0">
  <project timestamp="1637435827161" name="All files">
    <metrics statements="126" coveredstatements="88" conditionals="61" coveredconditionals="50" methods="14" coveredmethods="10" elements="201" coveredelements="148" complexity="0" loc="126" ncloc="126" packages="1" files="10" classes="10"/>
    <file name="cipher.js" path="C:\myWork\node-course\task2\rs-node-js-cli\cipher.js">
      <metrics statements="23" coveredstatements="22" conditionals="15" coveredconditionals="13" methods="2" coveredmethods="2"/>
      <line num="1" count="1" type="stmt"/>
      <line num="2" count="1" type="stmt"/>
      <line num="4" count="1" type="cond" truecount="1" falsecount="0"/>
      <line num="5" count="2" type="stmt"/>
      <line num="8" count="82" type="stmt"/>
      <line num="10" count="82" type="stmt"/>
      <line num="11" count="82" type="cond" truecount="2" falsecount="0"/>
      <line num="12" count="60" type="stmt"/>
      <line num="13" count="60" type="stmt"/>
      <line num="14" count="60" type="cond" truecount="1" falsecount="1"/>
      <line num="15" count="60" type="cond" truecount="2" falsecount="0"/>
      <line num="17" count="60" type="cond" truecount="2" falsecount="0"/>
      <line num="18" count="30" type="stmt"/>
      <line num="21" count="60" type="stmt"/>
      <line num="23" count="60" type="cond" truecount="1" falsecount="1"/>
      <line num="24" count="0" type="stmt"/>
      <line num="27" count="60" type="stmt"/>
      <line num="28" count="60" type="cond" truecount="2" falsecount="0"/>
      <line num="30" count="60" type="cond" truecount="2" falsecount="0"/>
      <line num="31" count="4" type="stmt"/>
      <line num="33" count="60" type="stmt"/>
      <line num="35" count="22" type="stmt"/>
      <line num="41" count="1" type="stmt"/>
    </file>
    <file name="customError.js" path="C:\myWork\node-course\task2\rs-node-js-cli\customError.js">
      <metrics statements="5" coveredstatements="5" conditionals="1" coveredconditionals="1" methods="1" coveredmethods="1"/>
      <line num="4" count="7" type="stmt"/>
      <line num="5" count="7" type="stmt"/>
      <line num="6" count="7" type="stmt"/>
      <line num="7" count="7" type="stmt"/>
      <line num="11" count="3" type="stmt"/>
    </file>
    <file name="errorHeandler.js" path="C:\myWork\node-course\task2\rs-node-js-cli\errorHeandler.js">
      <metrics statements="7" coveredstatements="7" conditionals="2" coveredconditionals="2" methods="1" coveredmethods="1"/>
      <line num="1" count="4" type="stmt"/>
      <line num="2" count="8" type="stmt"/>
      <line num="3" count="8" type="cond" truecount="2" falsecount="0"/>
      <line num="4" count="7" type="stmt"/>
      <line num="6" count="1" type="stmt"/>
      <line num="7" count="7" type="stmt"/>
      <line num="9" count="4" type="stmt"/>
    </file>
    <file name="getArg.js" path="C:\myWork\node-course\task2\rs-node-js-cli\getArg.js">
      <metrics statements="9" coveredstatements="0" conditionals="0" coveredconditionals="0" methods="0" coveredmethods="0"/>
      <line num="1" count="0" type="stmt"/>
      <line num="2" count="0" type="stmt"/>
      <line num="3" count="0" type="stmt"/>
      <line num="5" count="0" type="stmt"/>
      <line num="7" count="0" type="stmt"/>
      <line num="8" count="0" type="stmt"/>
      <line num="9" count="0" type="stmt"/>
      <line num="11" count="0" type="stmt"/>
      <line num="17" count="0" type="stmt"/>
    </file>
    <file name="index.js" path="C:\myWork\node-course\task2\rs-node-js-cli\index.js">
      <metrics statements="11" coveredstatements="0" conditionals="6" coveredconditionals="0" methods="1" coveredmethods="0"/>
      <line num="1" count="0" type="stmt"/>
      <line num="2" count="0" type="stmt"/>
      <line num="3" count="0" type="stmt"/>
      <line num="4" count="0" type="stmt"/>
      <line num="6" count="0" type="stmt"/>
      <line num="7" count="0" type="stmt"/>
      <line num="8" count="0" type="cond" truecount="0" falsecount="2"/>
      <line num="12" count="0" type="cond" truecount="0" falsecount="2"/>
      <line num="18" count="0" type="stmt"/>
      <line num="19" count="0" type="cond" truecount="0" falsecount="2"/>
      <line num="20" count="0" type="stmt"/>
    </file>
    <file name="setMethod.js" path="C:\myWork\node-course\task2\rs-node-js-cli\setMethod.js">
      <metrics statements="6" coveredstatements="0" conditionals="0" coveredconditionals="0" methods="1" coveredmethods="0"/>
      <line num="1" count="0" type="stmt"/>
      <line num="2" count="0" type="stmt"/>
      <line num="3" count="0" type="stmt"/>
      <line num="4" count="0" type="stmt"/>
      <line num="6" count="0" type="stmt"/>
      <line num="8" count="0" type="stmt"/>
    </file>
    <file name="transformTextStream.js" path="C:\myWork\node-course\task2\rs-node-js-cli\transformTextStream.js">
      <metrics statements="11" coveredstatements="0" conditionals="0" coveredconditionals="0" methods="2" coveredmethods="0"/>
      <line num="1" count="0" type="stmt"/>
      <line num="2" count="0" type="stmt"/>
      <line num="5" count="0" type="stmt"/>
      <line num="6" count="0" type="stmt"/>
      <line num="7" count="0" type="stmt"/>
      <line num="11" count="0" type="stmt"/>
      <line num="12" count="0" type="stmt"/>
      <line num="13" count="0" type="stmt"/>
      <line num="14" count="0" type="stmt"/>
      <line num="16" count="0" type="stmt"/>
      <line num="21" count="0" type="stmt"/>
    </file>
    <file name="vakidationConfig.js" path="C:\myWork\node-course\task2\rs-node-js-cli\vakidationConfig.js">
      <metrics statements="12" coveredstatements="12" conditionals="7" coveredconditionals="7" methods="2" coveredmethods="2"/>
      <line num="1" count="1" type="stmt"/>
      <line num="2" count="1" type="stmt"/>
      <line num="4" count="1" type="stmt"/>
      <line num="6" count="2" type="stmt"/>
      <line num="7" count="2" type="stmt"/>
      <line num="9" count="2" type="stmt"/>
      <line num="10" count="2" type="stmt"/>
      <line num="11" count="6" type="cond" truecount="7" falsecount="0"/>
      <line num="12" count="1" type="stmt"/>
      <line num="18" count="1" type="stmt"/>
      <line num="20" count="2" type="stmt"/>
      <line num="23" count="1" type="stmt"/>
    </file>
    <file name="validationArg.js" path="C:\myWork\node-course\task2\rs-node-js-cli\validationArg.js">
      <metrics statements="21" coveredstatements="21" conditionals="14" coveredconditionals="13" methods="2" coveredmethods="2"/>
      <line num="2" count="1" type="stmt"/>
      <line num="3" count="1" type="stmt"/>
      <line num="5" count="1" type="stmt"/>
      <line num="6" count="4" type="stmt"/>
      <line num="7" count="4" type="stmt"/>
      <line num="8" count="4" type="stmt"/>
      <line num="9" count="4" type="stmt"/>
      <line num="10" count="25" type="cond" truecount="2" falsecount="0"/>
      <line num="11" count="25" type="cond" truecount="2" falsecount="0"/>
      <line num="12" count="25" type="cond" truecount="2" falsecount="0"/>
      <line num="14" count="4" type="stmt"/>
      <line num="15" count="4" type="cond" truecount="2" falsecount="0"/>
      <line num="16" count="1" type="stmt"/>
      <line num="18" count="3" type="cond" truecount="2" falsecount="0"/>
      <line num="19" count="1" type="stmt"/>
      <line num="21" count="2" type="cond" truecount="2" falsecount="0"/>
      <line num="22" count="1" type="stmt"/>
      <line num="24" count="1" type="cond" truecount="1" falsecount="1"/>
      <line num="25" count="1" type="stmt"/>
      <line num="28" count="4" type="stmt"/>
      <line num="33" count="1" type="stmt"/>
    </file>
    <file name="validationFiles.js" path="C:\myWork\node-course\task2\rs-node-js-cli\validationFiles.js">
      <metrics statements="21" coveredstatements="21" conditionals="16" coveredconditionals="14" methods="2" coveredmethods="2"/>
      <line num="2" count="1" type="stmt"/>
      <line num="4" count="1" type="stmt"/>
      <line num="5" count="1" type="stmt"/>
      <line num="8" count="1" type="stmt"/>
      <line num="9" count="3" type="stmt"/>
      <line num="10" count="3" type="stmt"/>
      <line num="12" count="3" type="stmt"/>
      <line num="13" count="18" type="cond" truecount="2" falsecount="0"/>
      <line num="14" count="18" type="cond" truecount="2" falsecount="0"/>
      <line num="17" count="3" type="cond" truecount="1" falsecount="1"/>
      <line num="18" count="3" type="cond" truecount="1" falsecount="1"/>
      <line num="20" count="3" type="stmt"/>
      <line num="21" count="3" type="stmt"/>
      <line num="22" count="3" type="stmt"/>
      <line num="23" count="3" type="cond" truecount="4" falsecount="0"/>
      <line num="24" count="1" type="stmt"/>
      <line num="26" count="2" type="cond" truecount="4" falsecount="0"/>
      <line num="27" count="1" type="stmt"/>
      <line num="29" count="2" type="stmt"/>
      <line num="31" count="3" type="stmt"/>
      <line num="34" count="1" type="stmt"/>
    </file>
  </project>
</coverage>
