<?xml version="1.0" encoding="UTF-8"?>
<coverage generated="1637520317989" clover="3.2.0">
  <project timestamp="1637520317989" name="All files">
    <metrics statements="129" coveredstatements="101" conditionals="74" coveredconditionals="64" methods="15" coveredmethods="11" elements="218" coveredelements="176" complexity="0" loc="129" ncloc="129" packages="1" files="10" classes="10"/>
    <file name="cipher.js" path="C:\myWork\node-course\task2\rs-node-js-cli\cipher.js">
      <metrics statements="23" coveredstatements="23" conditionals="15" coveredconditionals="15" methods="2" coveredmethods="2"/>
      <line num="1" count="1" type="stmt"/>
      <line num="2" count="1" type="stmt"/>
      <line num="4" count="1" type="cond" truecount="1" falsecount="0"/>
      <line num="5" count="3" type="stmt"/>
      <line num="8" count="123" type="stmt"/>
      <line num="10" count="123" type="stmt"/>
      <line num="11" count="123" type="cond" truecount="2" falsecount="0"/>
      <line num="12" count="90" type="stmt"/>
      <line num="13" count="90" type="stmt"/>
      <line num="14" count="90" type="cond" truecount="2" falsecount="0"/>
      <line num="15" count="90" type="cond" truecount="2" falsecount="0"/>
      <line num="17" count="90" type="cond" truecount="2" falsecount="0"/>
      <line num="18" count="60" type="stmt"/>
      <line num="21" count="90" type="stmt"/>
      <line num="23" count="90" type="cond" truecount="2" falsecount="0"/>
      <line num="24" count="11" type="stmt"/>
      <line num="27" count="90" type="stmt"/>
      <line num="28" count="90" type="cond" truecount="2" falsecount="0"/>
      <line num="30" count="90" type="cond" truecount="2" falsecount="0"/>
      <line num="31" count="6" type="stmt"/>
      <line num="33" count="90" type="stmt"/>
      <line num="35" count="33" type="stmt"/>
      <line num="41" count="1" type="stmt"/>
    </file>
    <file name="customError.js" path="C:\myWork\node-course\task2\rs-node-js-cli\customError.js">
      <metrics statements="5" coveredstatements="5" conditionals="1" coveredconditionals="1" methods="1" coveredmethods="1"/>
      <line num="4" count="7" type="stmt"/>
      <line num="5" count="7" type="stmt"/>
      <line num="6" count="7" type="stmt"/>
      <line num="7" count="7" type="stmt"/>
      <line num="11" count="4" type="stmt"/>
    </file>
    <file name="errorHeandler.js" path="C:\myWork\node-course\task2\rs-node-js-cli\errorHeandler.js">
      <metrics statements="7" coveredstatements="7" conditionals="2" coveredconditionals="2" methods="1" coveredmethods="1"/>
      <line num="1" count="5" type="stmt"/>
      <line num="2" count="8" type="stmt"/>
      <line num="3" count="8" type="cond" truecount="2" falsecount="0"/>
      <line num="4" count="7" type="stmt"/>
      <line num="6" count="1" type="stmt"/>
      <line num="7" count="7" type="stmt"/>
      <line num="9" count="5" type="stmt"/>
    </file>
    <file name="getArg.js" path="C:\myWork\node-course\task2\rs-node-js-cli\getArg.js">
      <metrics statements="11" coveredstatements="11" conditionals="1" coveredconditionals="0" methods="1" coveredmethods="1"/>
      <line num="1" count="1" type="stmt"/>
      <line num="2" count="1" type="stmt"/>
      <line num="3" count="1" type="stmt"/>
      <line num="5" count="1" type="stmt"/>
      <line num="6" count="1" type="cond" truecount="0" falsecount="1"/>
      <line num="7" count="1" type="stmt"/>
      <line num="8" count="1" type="stmt"/>
      <line num="9" count="1" type="stmt"/>
      <line num="11" count="1" type="stmt"/>
      <line num="16" count="1" type="stmt"/>
      <line num="18" count="1" type="stmt"/>
    </file>
    <file name="index.js" path="C:\myWork\node-course\task2\rs-node-js-cli\index.js">
      <metrics statements="10" coveredstatements="0" conditionals="6" coveredconditionals="0" methods="1" coveredmethods="0"/>
      <line num="1" count="0" type="stmt"/>
      <line num="2" count="0" type="stmt"/>
      <line num="3" count="0" type="stmt"/>
      <line num="5" count="0" type="stmt"/>
      <line num="6" count="0" type="stmt"/>
      <line num="7" count="0" type="cond" truecount="0" falsecount="2"/>
      <line num="11" count="0" type="cond" truecount="0" falsecount="2"/>
      <line num="17" count="0" type="stmt"/>
      <line num="18" count="0" type="cond" truecount="0" falsecount="2"/>
      <line num="19" count="0" type="stmt"/>
    </file>
    <file name="setMethod.js" path="C:\myWork\node-course\task2\rs-node-js-cli\setMethod.js">
      <metrics statements="7" coveredstatements="0" conditionals="0" coveredconditionals="0" methods="1" coveredmethods="0"/>
      <line num="1" count="0" type="stmt"/>
      <line num="2" count="0" type="stmt"/>
      <line num="3" count="0" type="stmt"/>
      <line num="4" count="0" type="stmt"/>
      <line num="6" count="0" type="stmt"/>
      <line num="7" count="0" type="stmt"/>
      <line num="8" count="0" type="stmt"/>
    </file>
    <file name="transformTextStream.js" path="C:\myWork\node-course\task2\rs-node-js-cli\transformTextStream.js">
      <metrics statements="11" coveredstatements="0" conditionals="0" coveredconditionals="0" methods="2" coveredmethods="0"/>
      <line num="1" count="0" type="stmt"/>
      <line num="2" count="0" type="stmt"/>
      <line num="5" count="0" type="stmt"/>
      <line num="6" count="0" type="stmt"/>
      <line num="7" count="0" type="stmt"/>
      <line num="11" count="0" type="stmt"/>
      <line num="12" count="0" type="stmt"/>
      <line num="13" count="0" type="stmt"/>
      <line num="14" count="0" type="stmt"/>
      <line num="16" count="0" type="stmt"/>
      <line num="21" count="0" type="stmt"/>
    </file>
    <file name="validationArg.js" path="C:\myWork\node-course\task2\rs-node-js-cli\validationArg.js">
      <metrics statements="21" coveredstatements="21" conditionals="20" coveredconditionals="20" methods="2" coveredmethods="2"/>
      <line num="2" count="2" type="stmt"/>
      <line num="3" count="2" type="stmt"/>
      <line num="5" count="2" type="stmt"/>
      <line num="6" count="5" type="stmt"/>
      <line num="7" count="5" type="stmt"/>
      <line num="8" count="5" type="stmt"/>
      <line num="9" count="5" type="stmt"/>
      <line num="10" count="31" type="cond" truecount="4" falsecount="0"/>
      <line num="11" count="31" type="cond" truecount="4" falsecount="0"/>
      <line num="12" count="31" type="cond" truecount="4" falsecount="0"/>
      <line num="14" count="5" type="stmt"/>
      <line num="15" count="5" type="cond" truecount="2" falsecount="0"/>
      <line num="16" count="1" type="stmt"/>
      <line num="18" count="4" type="cond" truecount="2" falsecount="0"/>
      <line num="19" count="1" type="stmt"/>
      <line num="21" count="3" type="cond" truecount="2" falsecount="0"/>
      <line num="22" count="1" type="stmt"/>
      <line num="25" count="2" type="cond" truecount="2" falsecount="0"/>
      <line num="26" count="1" type="stmt"/>
      <line num="30" count="4" type="stmt"/>
      <line num="35" count="2" type="stmt"/>
    </file>
    <file name="validationConfig.js" path="C:\myWork\node-course\task2\rs-node-js-cli\validationConfig.js">
      <metrics statements="12" coveredstatements="12" conditionals="9" coveredconditionals="8" methods="2" coveredmethods="2"/>
      <line num="1" count="2" type="stmt"/>
      <line num="2" count="2" type="stmt"/>
      <line num="4" count="2" type="stmt"/>
      <line num="6" count="3" type="cond" truecount="1" falsecount="1"/>
      <line num="8" count="3" type="stmt"/>
      <line num="10" count="3" type="stmt"/>
      <line num="11" count="3" type="stmt"/>
      <line num="12" count="9" type="cond" truecount="7" falsecount="0"/>
      <line num="13" count="1" type="stmt"/>
      <line num="19" count="1" type="stmt"/>
      <line num="21" count="3" type="stmt"/>
      <line num="24" count="2" type="stmt"/>
    </file>
    <file name="validationFiles.js" path="C:\myWork\node-course\task2\rs-node-js-cli\validationFiles.js">
      <metrics statements="22" coveredstatements="22" conditionals="20" coveredconditionals="18" methods="2" coveredmethods="2"/>
      <line num="2" count="2" type="stmt"/>
      <line num="3" count="2" type="stmt"/>
      <line num="5" count="2" type="stmt"/>
      <line num="6" count="2" type="stmt"/>
      <line num="9" count="2" type="stmt"/>
      <line num="10" count="4" type="stmt"/>
      <line num="11" count="4" type="stmt"/>
      <line num="13" count="4" type="stmt"/>
      <line num="14" count="24" type="cond" truecount="4" falsecount="0"/>
      <line num="15" count="24" type="cond" truecount="4" falsecount="0"/>
      <line num="18" count="4" type="cond" truecount="1" falsecount="1"/>
      <line num="19" count="4" type="cond" truecount="1" falsecount="1"/>
      <line num="21" count="4" type="stmt"/>
      <line num="22" count="4" type="stmt"/>
      <line num="23" count="4" type="stmt"/>
      <line num="24" count="4" type="cond" truecount="4" falsecount="0"/>
      <line num="25" count="1" type="stmt"/>
      <line num="27" count="3" type="cond" truecount="4" falsecount="0"/>
      <line num="28" count="1" type="stmt"/>
      <line num="30" count="2" type="stmt"/>
      <line num="32" count="4" type="stmt"/>
      <line num="35" count="2" type="stmt"/>
    </file>
  </project>
</coverage>
