{"C:\\myWork\\node-course\\task2\\rs-node-js-cli\\cipher.js": {"path":"C:\\myWork\\node-course\\task2\\rs-node-js-cli\\cipher.js","statementMap":{"0":{"start":{"line":1,"column":17},"end":{"line":1,"column":55}},"1":{"start":{"line":2,"column":19},"end":{"line":2,"column":27}},"2":{"start":{"line":4,"column":15},"end":{"line":39,"column":1}},"3":{"start":{"line":5,"column":2},"end":{"line":38,"column":14}},"4":{"start":{"line":8,"column":24},"end":{"line":8,"column":44}},"5":{"start":{"line":10,"column":20},"end":{"line":10,"column":47}},"6":{"start":{"line":11,"column":6},"end":{"line":36,"column":7}},"7":{"start":{"line":12,"column":28},"end":{"line":12,"column":48}},"8":{"start":{"line":13,"column":20},"end":{"line":13,"column":21}},"9":{"start":{"line":14,"column":8},"end":{"line":14,"column":37}},"10":{"start":{"line":14,"column":27},"end":{"line":14,"column":37}},"11":{"start":{"line":15,"column":8},"end":{"line":15,"column":37}},"12":{"start":{"line":15,"column":27},"end":{"line":15,"column":37}},"13":{"start":{"line":17,"column":8},"end":{"line":19,"column":9}},"14":{"start":{"line":18,"column":10},"end":{"line":18,"column":22}},"15":{"start":{"line":21,"column":27},"end":{"line":21,"column":61}},"16":{"start":{"line":23,"column":8},"end":{"line":25,"column":9}},"17":{"start":{"line":24,"column":10},"end":{"line":24,"column":42}},"18":{"start":{"line":27,"column":20},"end":{"line":27,"column":42}},"19":{"start":{"line":28,"column":8},"end":{"line":28,"column":73}},"20":{"start":{"line":28,"column":27},"end":{"line":28,"column":73}},"21":{"start":{"line":30,"column":8},"end":{"line":32,"column":9}},"22":{"start":{"line":31,"column":10},"end":{"line":31,"column":38}},"23":{"start":{"line":33,"column":8},"end":{"line":33,"column":21}},"24":{"start":{"line":35,"column":8},"end":{"line":35,"column":22}},"25":{"start":{"line":41,"column":0},"end":{"line":43,"column":2}}},"fnMap":{"0":{"name":"(anonymous_0)","decl":{"start":{"line":4,"column":15},"end":{"line":4,"column":16}},"loc":{"start":{"line":4,"column":52},"end":{"line":39,"column":1}},"line":4},"1":{"name":"(anonymous_1)","decl":{"start":{"line":7,"column":9},"end":{"line":7,"column":10}},"loc":{"start":{"line":7,"column":21},"end":{"line":37,"column":5}},"line":7}},"branchMap":{"0":{"loc":{"start":{"line":4,"column":30},"end":{"line":4,"column":47}},"type":"default-arg","locations":[{"start":{"line":4,"column":37},"end":{"line":4,"column":47}}],"line":4},"1":{"loc":{"start":{"line":11,"column":6},"end":{"line":36,"column":7}},"type":"if","locations":[{"start":{"line":11,"column":6},"end":{"line":36,"column":7}},{"start":{"line":34,"column":13},"end":{"line":36,"column":7}}],"line":11},"2":{"loc":{"start":{"line":14,"column":8},"end":{"line":14,"column":37}},"type":"if","locations":[{"start":{"line":14,"column":8},"end":{"line":14,"column":37}},{"start":{},"end":{}}],"line":14},"3":{"loc":{"start":{"line":15,"column":8},"end":{"line":15,"column":37}},"type":"if","locations":[{"start":{"line":15,"column":8},"end":{"line":15,"column":37}},{"start":{},"end":{}}],"line":15},"4":{"loc":{"start":{"line":17,"column":8},"end":{"line":19,"column":9}},"type":"if","locations":[{"start":{"line":17,"column":8},"end":{"line":19,"column":9}},{"start":{},"end":{}}],"line":17},"5":{"loc":{"start":{"line":23,"column":8},"end":{"line":25,"column":9}},"type":"if","locations":[{"start":{"line":23,"column":8},"end":{"line":25,"column":9}},{"start":{},"end":{}}],"line":23},"6":{"loc":{"start":{"line":28,"column":8},"end":{"line":28,"column":73}},"type":"if","locations":[{"start":{"line":28,"column":8},"end":{"line":28,"column":73}},{"start":{},"end":{}}],"line":28},"7":{"loc":{"start":{"line":30,"column":8},"end":{"line":32,"column":9}},"type":"if","locations":[{"start":{"line":30,"column":8},"end":{"line":32,"column":9}},{"start":{},"end":{}}],"line":30}},"s":{"0":1,"1":1,"2":1,"3":2,"4":82,"5":82,"6":82,"7":60,"8":60,"9":60,"10":0,"11":60,"12":30,"13":60,"14":30,"15":60,"16":60,"17":0,"18":60,"19":60,"20":30,"21":60,"22":4,"23":60,"24":22,"25":1},"f":{"0":2,"1":82},"b":{"0":[1],"1":[60,22],"2":[0,60],"3":[30,30],"4":[30,30],"5":[0,60],"6":[30,30],"7":[4,56]},"_coverageSchema":"1a1c01bbd47fc00a2c39e90264f33305004495a9","hash":"a78ce1bd0a9ea1099dcaceccd6a8392eae58d673"}
,"C:\\myWork\\node-course\\task2\\rs-node-js-cli\\customError.js": {"path":"C:\\myWork\\node-course\\task2\\rs-node-js-cli\\customError.js","statementMap":{"0":{"start":{"line":4,"column":4},"end":{"line":4,"column":30}},"1":{"start":{"line":5,"column":4},"end":{"line":5,"column":31}},"2":{"start":{"line":6,"column":4},"end":{"line":6,"column":27}},"3":{"start":{"line":7,"column":4},"end":{"line":7,"column":25}},"4":{"start":{"line":11,"column":0},"end":{"line":11,"column":29}}},"fnMap":{"0":{"name":"(anonymous_0)","decl":{"start":{"line":3,"column":2},"end":{"line":3,"column":3}},"loc":{"start":{"line":3,"column":38},"end":{"line":8,"column":3}},"line":3}},"branchMap":{"0":{"loc":{"start":{"line":3,"column":23},"end":{"line":3,"column":36}},"type":"default-arg","locations":[{"start":{"line":3,"column":35},"end":{"line":3,"column":36}}],"line":3}},"s":{"0":7,"1":7,"2":7,"3":7,"4":3},"f":{"0":7},"b":{"0":[7]},"_coverageSchema":"1a1c01bbd47fc00a2c39e90264f33305004495a9","hash":"d26e78e6a13b1a88c022851e9e8cff7bcb38e5fb"}
,"C:\\myWork\\node-course\\task2\\rs-node-js-cli\\errorHeandler.js": {"path":"C:\\myWork\\node-course\\task2\\rs-node-js-cli\\errorHeandler.js","statementMap":{"0":{"start":{"line":1,"column":17},"end":{"line":8,"column":5}},"1":{"start":{"line":2,"column":23},"end":{"line":2,"column":26}},"2":{"start":{"line":3,"column":4},"end":{"line":6,"column":18}},"3":{"start":{"line":4,"column":8},"end":{"line":4,"column":33}},"4":{"start":{"line":6,"column":9},"end":{"line":6,"column":18}},"5":{"start":{"line":7,"column":4},"end":{"line":7,"column":19}},"6":{"start":{"line":9,"column":0},"end":{"line":9,"column":25}}},"fnMap":{"0":{"name":"(anonymous_0)","decl":{"start":{"line":1,"column":17},"end":{"line":1,"column":18}},"loc":{"start":{"line":1,"column":24},"end":{"line":8,"column":5}},"line":1}},"branchMap":{"0":{"loc":{"start":{"line":3,"column":4},"end":{"line":6,"column":18}},"type":"if","locations":[{"start":{"line":3,"column":4},"end":{"line":6,"column":18}},{"start":{"line":6,"column":9},"end":{"line":6,"column":18}}],"line":3}},"s":{"0":4,"1":8,"2":8,"3":7,"4":1,"5":7,"6":4},"f":{"0":8},"b":{"0":[7,1]},"_coverageSchema":"1a1c01bbd47fc00a2c39e90264f33305004495a9","hash":"41db12d75a5fbc560dcf7270c5a2a930ec5c6fef"}
,"C:\\myWork\\node-course\\task2\\rs-node-js-cli\\getArg.js": {"path":"C:\\myWork\\node-course\\task2\\rs-node-js-cli\\getArg.js","statementMap":{"0":{"start":{"line":1,"column":22},"end":{"line":1,"column":48}},"1":{"start":{"line":2,"column":25},"end":{"line":2,"column":54}},"2":{"start":{"line":3,"column":24},"end":{"line":3,"column":52}},"3":{"start":{"line":5,"column":12},"end":{"line":5,"column":33}},"4":{"start":{"line":7,"column":0},"end":{"line":7,"column":18}},"5":{"start":{"line":8,"column":15},"end":{"line":8,"column":36}},"6":{"start":{"line":9,"column":32},"end":{"line":9,"column":52}},"7":{"start":{"line":11,"column":16},"end":{"line":15,"column":1}},"8":{"start":{"line":17,"column":0},"end":{"line":17,"column":24}}},"fnMap":{},"branchMap":{},"s":{"0":0,"1":0,"2":0,"3":0,"4":0,"5":0,"6":0,"7":0,"8":0},"f":{},"b":{}}
,"C:\\myWork\\node-course\\task2\\rs-node-js-cli\\index.js": {"path":"C:\\myWork\\node-course\\task2\\rs-node-js-cli\\index.js","statementMap":{"0":{"start":{"line":1,"column":11},"end":{"line":1,"column":24}},"1":{"start":{"line":2,"column":13},"end":{"line":2,"column":28}},"2":{"start":{"line":3,"column":22},"end":{"line":3,"column":44}},"3":{"start":{"line":4,"column":21},"end":{"line":4,"column":38}},"4":{"start":{"line":6,"column":16},"end":{"line":6,"column":35}},"5":{"start":{"line":7,"column":32},"end":{"line":7,"column":39}},"6":{"start":{"line":8,"column":19},"end":{"line":10,"column":17}},"7":{"start":{"line":12,"column":20},"end":{"line":16,"column":18}},"8":{"start":{"line":18,"column":0},"end":{"line":22,"column":3}},"9":{"start":{"line":19,"column":2},"end":{"line":21,"column":3}},"10":{"start":{"line":20,"column":4},"end":{"line":20,"column":43}}},"fnMap":{"0":{"name":"(anonymous_0)","decl":{"start":{"line":18,"column":48},"end":{"line":18,"column":49}},"loc":{"start":{"line":18,"column":57},"end":{"line":22,"column":1}},"line":18}},"branchMap":{"0":{"loc":{"start":{"line":8,"column":19},"end":{"line":10,"column":17}},"type":"cond-expr","locations":[{"start":{"line":9,"column":4},"end":{"line":9,"column":52}},{"start":{"line":10,"column":4},"end":{"line":10,"column":17}}],"line":8},"1":{"loc":{"start":{"line":12,"column":20},"end":{"line":16,"column":18}},"type":"cond-expr","locations":[{"start":{"line":13,"column":4},"end":{"line":15,"column":6}},{"start":{"line":16,"column":4},"end":{"line":16,"column":18}}],"line":12},"2":{"loc":{"start":{"line":19,"column":2},"end":{"line":21,"column":3}},"type":"if","locations":[{"start":{"line":19,"column":2},"end":{"line":21,"column":3}},{"start":{},"end":{}}],"line":19}},"s":{"0":0,"1":0,"2":0,"3":0,"4":0,"5":0,"6":0,"7":0,"8":0,"9":0,"10":0},"f":{"0":0},"b":{"0":[0,0],"1":[0,0],"2":[0,0]}}
,"C:\\myWork\\node-course\\task2\\rs-node-js-cli\\setMethod.js": {"path":"C:\\myWork\\node-course\\task2\\rs-node-js-cli\\setMethod.js","statementMap":{"0":{"start":{"line":1,"column":16},"end":{"line":1,"column":35}},"1":{"start":{"line":2,"column":28},"end":{"line":2,"column":60}},"2":{"start":{"line":3,"column":17},"end":{"line":3,"column":24}},"3":{"start":{"line":4,"column":18},"end":{"line":6,"column":51}},"4":{"start":{"line":6,"column":19},"end":{"line":6,"column":50}},"5":{"start":{"line":8,"column":0},"end":{"line":10,"column":2}}},"fnMap":{"0":{"name":"(anonymous_0)","decl":{"start":{"line":6,"column":7},"end":{"line":6,"column":8}},"loc":{"start":{"line":6,"column":19},"end":{"line":6,"column":50}},"line":6}},"branchMap":{},"s":{"0":0,"1":0,"2":0,"3":0,"4":0,"5":0},"f":{"0":0},"b":{}}
,"C:\\myWork\\node-course\\task2\\rs-node-js-cli\\transformTextStream.js": {"path":"C:\\myWork\\node-course\\task2\\rs-node-js-cli\\transformTextStream.js","statementMap":{"0":{"start":{"line":1,"column":19},"end":{"line":1,"column":41}},"1":{"start":{"line":2,"column":22},"end":{"line":2,"column":39}},"2":{"start":{"line":5,"column":4},"end":{"line":5,"column":12}},"3":{"start":{"line":6,"column":4},"end":{"line":6,"column":25}},"4":{"start":{"line":7,"column":4},"end":{"line":7,"column":25}},"5":{"start":{"line":11,"column":4},"end":{"line":11,"column":35}},"6":{"start":{"line":12,"column":4},"end":{"line":17,"column":5}},"7":{"start":{"line":13,"column":27},"end":{"line":13,"column":66}},"8":{"start":{"line":14,"column":6},"end":{"line":14,"column":35}},"9":{"start":{"line":16,"column":6},"end":{"line":16,"column":20}},"10":{"start":{"line":21,"column":0},"end":{"line":21,"column":37}}},"fnMap":{"0":{"name":"(anonymous_0)","decl":{"start":{"line":4,"column":2},"end":{"line":4,"column":3}},"loc":{"start":{"line":4,"column":19},"end":{"line":8,"column":3}},"line":4},"1":{"name":"(anonymous_1)","decl":{"start":{"line":10,"column":2},"end":{"line":10,"column":3}},"loc":{"start":{"line":10,"column":40},"end":{"line":18,"column":3}},"line":10}},"branchMap":{},"s":{"0":0,"1":0,"2":0,"3":0,"4":0,"5":0,"6":0,"7":0,"8":0,"9":0,"10":0},"f":{"0":0,"1":0},"b":{}}
,"C:\\myWork\\node-course\\task2\\rs-node-js-cli\\vakidationConfig.js": {"path":"C:\\myWork\\node-course\\task2\\rs-node-js-cli\\vakidationConfig.js","statementMap":{"0":{"start":{"line":1,"column":20},"end":{"line":1,"column":44}},"1":{"start":{"line":2,"column":22},"end":{"line":2,"column":48}},"2":{"start":{"line":4,"column":25},"end":{"line":21,"column":1}},"3":{"start":{"line":6,"column":15},"end":{"line":6,"column":41}},"4":{"start":{"line":7,"column":0},"end":{"line":19,"column":1}},"5":{"start":{"line":9,"column":18},"end":{"line":9,"column":35}},"6":{"start":{"line":10,"column":0},"end":{"line":14,"column":2}},"7":{"start":{"line":11,"column":4},"end":{"line":13,"column":5}},"8":{"start":{"line":12,"column":8},"end":{"line":12,"column":45}},"9":{"start":{"line":18,"column":4},"end":{"line":18,"column":22}},"10":{"start":{"line":20,"column":0},"end":{"line":20,"column":13}},"11":{"start":{"line":23,"column":0},"end":{"line":23,"column":33}}},"fnMap":{"0":{"name":"(anonymous_0)","decl":{"start":{"line":4,"column":25},"end":{"line":4,"column":26}},"loc":{"start":{"line":4,"column":38},"end":{"line":21,"column":1}},"line":4},"1":{"name":"(anonymous_1)","decl":{"start":{"line":10,"column":18},"end":{"line":10,"column":19}},"loc":{"start":{"line":10,"column":26},"end":{"line":14,"column":1}},"line":10}},"branchMap":{"0":{"loc":{"start":{"line":11,"column":4},"end":{"line":13,"column":5}},"type":"if","locations":[{"start":{"line":11,"column":4},"end":{"line":13,"column":5}},{"start":{},"end":{}}],"line":11},"1":{"loc":{"start":{"line":11,"column":8},"end":{"line":11,"column":78}},"type":"binary-expr","locations":[{"start":{"line":11,"column":8},"end":{"line":11,"column":19}},{"start":{"line":11,"column":23},"end":{"line":11,"column":34}},{"start":{"line":11,"column":38},"end":{"line":11,"column":48}},{"start":{"line":11,"column":52},"end":{"line":11,"column":63}},{"start":{"line":11,"column":67},"end":{"line":11,"column":78}}],"line":11}},"s":{"0":1,"1":1,"2":1,"3":2,"4":2,"5":2,"6":2,"7":6,"8":1,"9":1,"10":2,"11":1},"f":{"0":2,"1":6},"b":{"0":[1,5],"1":[6,6,2,2,1]},"_coverageSchema":"1a1c01bbd47fc00a2c39e90264f33305004495a9","hash":"692c2e31b99756d274f1b75f884c4068edb1eebb"}
,"C:\\myWork\\node-course\\task2\\rs-node-js-cli\\validationArg.js": {"path":"C:\\myWork\\node-course\\task2\\rs-node-js-cli\\validationArg.js","statementMap":{"0":{"start":{"line":2,"column":20},"end":{"line":2,"column":44}},"1":{"start":{"line":3,"column":22},"end":{"line":3,"column":48}},"2":{"start":{"line":5,"column":22},"end":{"line":31,"column":1}},"3":{"start":{"line":6,"column":19},"end":{"line":6,"column":20}},"4":{"start":{"line":7,"column":19},"end":{"line":7,"column":20}},"5":{"start":{"line":8,"column":19},"end":{"line":8,"column":20}},"6":{"start":{"line":9,"column":0},"end":{"line":13,"column":2}},"7":{"start":{"line":10,"column":4},"end":{"line":10,"column":31}},"8":{"start":{"line":10,"column":20},"end":{"line":10,"column":31}},"9":{"start":{"line":11,"column":4},"end":{"line":11,"column":31}},"10":{"start":{"line":11,"column":20},"end":{"line":11,"column":31}},"11":{"start":{"line":12,"column":4},"end":{"line":12,"column":31}},"12":{"start":{"line":12,"column":20},"end":{"line":12,"column":31}},"13":{"start":{"line":14,"column":0},"end":{"line":29,"column":1}},"14":{"start":{"line":15,"column":4},"end":{"line":17,"column":5}},"15":{"start":{"line":16,"column":8},"end":{"line":16,"column":49}},"16":{"start":{"line":18,"column":0},"end":{"line":20,"column":1}},"17":{"start":{"line":19,"column":4},"end":{"line":19,"column":75}},"18":{"start":{"line":21,"column":0},"end":{"line":23,"column":1}},"19":{"start":{"line":22,"column":4},"end":{"line":22,"column":75}},"20":{"start":{"line":24,"column":0},"end":{"line":26,"column":1}},"21":{"start":{"line":25,"column":4},"end":{"line":25,"column":75}},"22":{"start":{"line":28,"column":4},"end":{"line":28,"column":22}},"23":{"start":{"line":33,"column":0},"end":{"line":33,"column":30}}},"fnMap":{"0":{"name":"(anonymous_0)","decl":{"start":{"line":5,"column":22},"end":{"line":5,"column":23}},"loc":{"start":{"line":5,"column":35},"end":{"line":31,"column":1}},"line":5},"1":{"name":"(anonymous_1)","decl":{"start":{"line":9,"column":12},"end":{"line":9,"column":13}},"loc":{"start":{"line":9,"column":20},"end":{"line":13,"column":1}},"line":9}},"branchMap":{"0":{"loc":{"start":{"line":10,"column":4},"end":{"line":10,"column":31}},"type":"if","locations":[{"start":{"line":10,"column":4},"end":{"line":10,"column":31}},{"start":{},"end":{}}],"line":10},"1":{"loc":{"start":{"line":11,"column":4},"end":{"line":11,"column":31}},"type":"if","locations":[{"start":{"line":11,"column":4},"end":{"line":11,"column":31}},{"start":{},"end":{}}],"line":11},"2":{"loc":{"start":{"line":12,"column":4},"end":{"line":12,"column":31}},"type":"if","locations":[{"start":{"line":12,"column":4},"end":{"line":12,"column":31}},{"start":{},"end":{}}],"line":12},"3":{"loc":{"start":{"line":15,"column":4},"end":{"line":17,"column":5}},"type":"if","locations":[{"start":{"line":15,"column":4},"end":{"line":17,"column":5}},{"start":{},"end":{}}],"line":15},"4":{"loc":{"start":{"line":18,"column":0},"end":{"line":20,"column":1}},"type":"if","locations":[{"start":{"line":18,"column":0},"end":{"line":20,"column":1}},{"start":{},"end":{}}],"line":18},"5":{"loc":{"start":{"line":21,"column":0},"end":{"line":23,"column":1}},"type":"if","locations":[{"start":{"line":21,"column":0},"end":{"line":23,"column":1}},{"start":{},"end":{}}],"line":21},"6":{"loc":{"start":{"line":24,"column":0},"end":{"line":26,"column":1}},"type":"if","locations":[{"start":{"line":24,"column":0},"end":{"line":26,"column":1}},{"start":{},"end":{}}],"line":24}},"s":{"0":1,"1":1,"2":1,"3":4,"4":4,"5":4,"6":4,"7":25,"8":4,"9":25,"10":5,"11":25,"12":5,"13":4,"14":4,"15":1,"16":3,"17":1,"18":2,"19":1,"20":1,"21":1,"22":4,"23":1},"f":{"0":4,"1":25},"b":{"0":[4,21],"1":[5,20],"2":[5,20],"3":[1,3],"4":[1,2],"5":[1,1],"6":[1,0]},"_coverageSchema":"1a1c01bbd47fc00a2c39e90264f33305004495a9","hash":"329ac152852cbbe4a663622957da1b4ba7e59d93"}
,"C:\\myWork\\node-course\\task2\\rs-node-js-cli\\validationFiles.js": {"path":"C:\\myWork\\node-course\\task2\\rs-node-js-cli\\validationFiles.js","statementMap":{"0":{"start":{"line":2,"column":11},"end":{"line":2,"column":24}},"1":{"start":{"line":4,"column":20},"end":{"line":4,"column":44}},"2":{"start":{"line":5,"column":22},"end":{"line":5,"column":48}},"3":{"start":{"line":8,"column":24},"end":{"line":32,"column":1}},"4":{"start":{"line":9,"column":19},"end":{"line":9,"column":20}},"5":{"start":{"line":10,"column":19},"end":{"line":10,"column":20}},"6":{"start":{"line":12,"column":0},"end":{"line":15,"column":2}},"7":{"start":{"line":13,"column":4},"end":{"line":13,"column":31}},"8":{"start":{"line":13,"column":20},"end":{"line":13,"column":31}},"9":{"start":{"line":14,"column":4},"end":{"line":14,"column":31}},"10":{"start":{"line":14,"column":20},"end":{"line":14,"column":31}},"11":{"start":{"line":17,"column":18},"end":{"line":17,"column":83}},"12":{"start":{"line":18,"column":19},"end":{"line":18,"column":84}},"13":{"start":{"line":20,"column":21},"end":{"line":20,"column":45}},"14":{"start":{"line":21,"column":22},"end":{"line":21,"column":47}},"15":{"start":{"line":22,"column":0},"end":{"line":30,"column":1}},"16":{"start":{"line":23,"column":0},"end":{"line":25,"column":1}},"17":{"start":{"line":24,"column":4},"end":{"line":24,"column":61}},"18":{"start":{"line":26,"column":0},"end":{"line":28,"column":1}},"19":{"start":{"line":27,"column":4},"end":{"line":27,"column":62}},"20":{"start":{"line":29,"column":4},"end":{"line":29,"column":22}},"21":{"start":{"line":31,"column":0},"end":{"line":31,"column":30}},"22":{"start":{"line":34,"column":0},"end":{"line":34,"column":32}}},"fnMap":{"0":{"name":"(anonymous_0)","decl":{"start":{"line":8,"column":24},"end":{"line":8,"column":25}},"loc":{"start":{"line":8,"column":37},"end":{"line":32,"column":1}},"line":8},"1":{"name":"(anonymous_1)","decl":{"start":{"line":12,"column":12},"end":{"line":12,"column":13}},"loc":{"start":{"line":12,"column":20},"end":{"line":15,"column":1}},"line":12}},"branchMap":{"0":{"loc":{"start":{"line":13,"column":4},"end":{"line":13,"column":31}},"type":"if","locations":[{"start":{"line":13,"column":4},"end":{"line":13,"column":31}},{"start":{},"end":{}}],"line":13},"1":{"loc":{"start":{"line":14,"column":4},"end":{"line":14,"column":31}},"type":"if","locations":[{"start":{"line":14,"column":4},"end":{"line":14,"column":31}},{"start":{},"end":{}}],"line":14},"2":{"loc":{"start":{"line":17,"column":18},"end":{"line":17,"column":83}},"type":"cond-expr","locations":[{"start":{"line":17,"column":45},"end":{"line":17,"column":71}},{"start":{"line":17,"column":74},"end":{"line":17,"column":83}}],"line":17},"3":{"loc":{"start":{"line":18,"column":19},"end":{"line":18,"column":84}},"type":"cond-expr","locations":[{"start":{"line":18,"column":46},"end":{"line":18,"column":72}},{"start":{"line":18,"column":75},"end":{"line":18,"column":84}}],"line":18},"4":{"loc":{"start":{"line":23,"column":0},"end":{"line":25,"column":1}},"type":"if","locations":[{"start":{"line":23,"column":0},"end":{"line":25,"column":1}},{"start":{},"end":{}}],"line":23},"5":{"loc":{"start":{"line":23,"column":4},"end":{"line":23,"column":34}},"type":"binary-expr","locations":[{"start":{"line":23,"column":4},"end":{"line":23,"column":17}},{"start":{"line":23,"column":21},"end":{"line":23,"column":34}}],"line":23},"6":{"loc":{"start":{"line":26,"column":0},"end":{"line":28,"column":1}},"type":"if","locations":[{"start":{"line":26,"column":0},"end":{"line":28,"column":1}},{"start":{},"end":{}}],"line":26},"7":{"loc":{"start":{"line":26,"column":4},"end":{"line":26,"column":35}},"type":"binary-expr","locations":[{"start":{"line":26,"column":4},"end":{"line":26,"column":18}},{"start":{"line":26,"column":22},"end":{"line":26,"column":35}}],"line":26}},"s":{"0":1,"1":1,"2":1,"3":1,"4":3,"5":3,"6":3,"7":18,"8":3,"9":18,"10":3,"11":3,"12":3,"13":3,"14":3,"15":3,"16":3,"17":1,"18":2,"19":1,"20":2,"21":3,"22":1},"f":{"0":3,"1":18},"b":{"0":[3,15],"1":[3,15],"2":[3,0],"3":[3,0],"4":[1,2],"5":[3,1],"6":[1,1],"7":[2,1]},"_coverageSchema":"1a1c01bbd47fc00a2c39e90264f33305004495a9","hash":"a8f002da5661f99cce71e7f267d38ff80b4e99ec"}
}
