{"C:\\myWork\\node-course\\task2\\rs-node-js-cli\\cipher.js": {"path":"C:\\myWork\\node-course\\task2\\rs-node-js-cli\\cipher.js","statementMap":{"0":{"start":{"line":1,"column":17},"end":{"line":1,"column":55}},"1":{"start":{"line":2,"column":19},"end":{"line":2,"column":27}},"2":{"start":{"line":4,"column":15},"end":{"line":39,"column":1}},"3":{"start":{"line":5,"column":2},"end":{"line":38,"column":14}},"4":{"start":{"line":8,"column":24},"end":{"line":8,"column":44}},"5":{"start":{"line":10,"column":20},"end":{"line":10,"column":47}},"6":{"start":{"line":11,"column":6},"end":{"line":36,"column":7}},"7":{"start":{"line":12,"column":28},"end":{"line":12,"column":48}},"8":{"start":{"line":13,"column":20},"end":{"line":13,"column":21}},"9":{"start":{"line":14,"column":8},"end":{"line":14,"column":37}},"10":{"start":{"line":14,"column":27},"end":{"line":14,"column":37}},"11":{"start":{"line":15,"column":8},"end":{"line":15,"column":37}},"12":{"start":{"line":15,"column":27},"end":{"line":15,"column":37}},"13":{"start":{"line":17,"column":8},"end":{"line":19,"column":9}},"14":{"start":{"line":18,"column":10},"end":{"line":18,"column":22}},"15":{"start":{"line":21,"column":27},"end":{"line":21,"column":61}},"16":{"start":{"line":23,"column":8},"end":{"line":25,"column":9}},"17":{"start":{"line":24,"column":10},"end":{"line":24,"column":42}},"18":{"start":{"line":27,"column":20},"end":{"line":27,"column":42}},"19":{"start":{"line":28,"column":8},"end":{"line":28,"column":73}},"20":{"start":{"line":28,"column":27},"end":{"line":28,"column":73}},"21":{"start":{"line":30,"column":8},"end":{"line":32,"column":9}},"22":{"start":{"line":31,"column":10},"end":{"line":31,"column":38}},"23":{"start":{"line":33,"column":8},"end":{"line":33,"column":21}},"24":{"start":{"line":35,"column":8},"end":{"line":35,"column":22}},"25":{"start":{"line":41,"column":0},"end":{"line":43,"column":2}}},"fnMap":{"0":{"name":"(anonymous_0)","decl":{"start":{"line":4,"column":15},"end":{"line":4,"column":16}},"loc":{"start":{"line":4,"column":52},"end":{"line":39,"column":1}},"line":4},"1":{"name":"(anonymous_1)","decl":{"start":{"line":7,"column":9},"end":{"line":7,"column":10}},"loc":{"start":{"line":7,"column":21},"end":{"line":37,"column":5}},"line":7}},"branchMap":{"0":{"loc":{"start":{"line":4,"column":30},"end":{"line":4,"column":47}},"type":"default-arg","locations":[{"start":{"line":4,"column":37},"end":{"line":4,"column":47}}],"line":4},"1":{"loc":{"start":{"line":11,"column":6},"end":{"line":36,"column":7}},"type":"if","locations":[{"start":{"line":11,"column":6},"end":{"line":36,"column":7}},{"start":{"line":34,"column":13},"end":{"line":36,"column":7}}],"line":11},"2":{"loc":{"start":{"line":14,"column":8},"end":{"line":14,"column":37}},"type":"if","locations":[{"start":{"line":14,"column":8},"end":{"line":14,"column":37}},{"start":{},"end":{}}],"line":14},"3":{"loc":{"start":{"line":15,"column":8},"end":{"line":15,"column":37}},"type":"if","locations":[{"start":{"line":15,"column":8},"end":{"line":15,"column":37}},{"start":{},"end":{}}],"line":15},"4":{"loc":{"start":{"line":17,"column":8},"end":{"line":19,"column":9}},"type":"if","locations":[{"start":{"line":17,"column":8},"end":{"line":19,"column":9}},{"start":{},"end":{}}],"line":17},"5":{"loc":{"start":{"line":23,"column":8},"end":{"line":25,"column":9}},"type":"if","locations":[{"start":{"line":23,"column":8},"end":{"line":25,"column":9}},{"start":{},"end":{}}],"line":23},"6":{"loc":{"start":{"line":28,"column":8},"end":{"line":28,"column":73}},"type":"if","locations":[{"start":{"line":28,"column":8},"end":{"line":28,"column":73}},{"start":{},"end":{}}],"line":28},"7":{"loc":{"start":{"line":30,"column":8},"end":{"line":32,"column":9}},"type":"if","locations":[{"start":{"line":30,"column":8},"end":{"line":32,"column":9}},{"start":{},"end":{}}],"line":30}},"s":{"0":1,"1":1,"2":1,"3":3,"4":123,"5":123,"6":123,"7":90,"8":90,"9":90,"10":30,"11":90,"12":30,"13":90,"14":60,"15":90,"16":90,"17":11,"18":90,"19":90,"20":30,"21":90,"22":6,"23":90,"24":33,"25":1},"f":{"0":3,"1":123},"b":{"0":[1],"1":[90,33],"2":[30,60],"3":[30,60],"4":[60,30],"5":[11,79],"6":[30,60],"7":[6,84]},"_coverageSchema":"1a1c01bbd47fc00a2c39e90264f33305004495a9","hash":"a78ce1bd0a9ea1099dcaceccd6a8392eae58d673"}
,"C:\\myWork\\node-course\\task2\\rs-node-js-cli\\customError.js": {"path":"C:\\myWork\\node-course\\task2\\rs-node-js-cli\\customError.js","statementMap":{"0":{"start":{"line":4,"column":4},"end":{"line":4,"column":30}},"1":{"start":{"line":5,"column":4},"end":{"line":5,"column":31}},"2":{"start":{"line":6,"column":4},"end":{"line":6,"column":27}},"3":{"start":{"line":7,"column":4},"end":{"line":7,"column":25}},"4":{"start":{"line":11,"column":0},"end":{"line":11,"column":29}}},"fnMap":{"0":{"name":"(anonymous_0)","decl":{"start":{"line":3,"column":2},"end":{"line":3,"column":3}},"loc":{"start":{"line":3,"column":38},"end":{"line":8,"column":3}},"line":3}},"branchMap":{"0":{"loc":{"start":{"line":3,"column":23},"end":{"line":3,"column":36}},"type":"default-arg","locations":[{"start":{"line":3,"column":35},"end":{"line":3,"column":36}}],"line":3}},"s":{"0":7,"1":7,"2":7,"3":7,"4":4},"f":{"0":7},"b":{"0":[7]},"_coverageSchema":"1a1c01bbd47fc00a2c39e90264f33305004495a9","hash":"d26e78e6a13b1a88c022851e9e8cff7bcb38e5fb"}
,"C:\\myWork\\node-course\\task2\\rs-node-js-cli\\errorHeandler.js": {"path":"C:\\myWork\\node-course\\task2\\rs-node-js-cli\\errorHeandler.js","statementMap":{"0":{"start":{"line":1,"column":17},"end":{"line":8,"column":5}},"1":{"start":{"line":2,"column":23},"end":{"line":2,"column":26}},"2":{"start":{"line":3,"column":4},"end":{"line":6,"column":18}},"3":{"start":{"line":4,"column":8},"end":{"line":4,"column":33}},"4":{"start":{"line":6,"column":9},"end":{"line":6,"column":18}},"5":{"start":{"line":7,"column":4},"end":{"line":7,"column":19}},"6":{"start":{"line":9,"column":0},"end":{"line":9,"column":25}}},"fnMap":{"0":{"name":"(anonymous_0)","decl":{"start":{"line":1,"column":17},"end":{"line":1,"column":18}},"loc":{"start":{"line":1,"column":24},"end":{"line":8,"column":5}},"line":1}},"branchMap":{"0":{"loc":{"start":{"line":3,"column":4},"end":{"line":6,"column":18}},"type":"if","locations":[{"start":{"line":3,"column":4},"end":{"line":6,"column":18}},{"start":{"line":6,"column":9},"end":{"line":6,"column":18}}],"line":3}},"s":{"0":5,"1":8,"2":8,"3":7,"4":1,"5":7,"6":5},"f":{"0":8},"b":{"0":[7,1]},"_coverageSchema":"1a1c01bbd47fc00a2c39e90264f33305004495a9","hash":"41db12d75a5fbc560dcf7270c5a2a930ec5c6fef"}
,"C:\\myWork\\node-course\\task2\\rs-node-js-cli\\getArg.js": {"path":"C:\\myWork\\node-course\\task2\\rs-node-js-cli\\getArg.js","statementMap":{"0":{"start":{"line":1,"column":22},"end":{"line":1,"column":48}},"1":{"start":{"line":2,"column":25},"end":{"line":2,"column":54}},"2":{"start":{"line":3,"column":24},"end":{"line":3,"column":52}},"3":{"start":{"line":5,"column":15},"end":{"line":5,"column":36}},"4":{"start":{"line":6,"column":14},"end":{"line":17,"column":1}},"5":{"start":{"line":7,"column":0},"end":{"line":7,"column":18}},"6":{"start":{"line":8,"column":15},"end":{"line":8,"column":36}},"7":{"start":{"line":9,"column":32},"end":{"line":9,"column":52}},"8":{"start":{"line":11,"column":16},"end":{"line":15,"column":1}},"9":{"start":{"line":16,"column":0},"end":{"line":16,"column":14}},"10":{"start":{"line":18,"column":0},"end":{"line":18,"column":23}}},"fnMap":{"0":{"name":"(anonymous_0)","decl":{"start":{"line":6,"column":14},"end":{"line":6,"column":15}},"loc":{"start":{"line":6,"column":30},"end":{"line":17,"column":1}},"line":6}},"branchMap":{"0":{"loc":{"start":{"line":6,"column":15},"end":{"line":6,"column":27}},"type":"default-arg","locations":[{"start":{"line":6,"column":21},"end":{"line":6,"column":27}}],"line":6}},"s":{"0":1,"1":1,"2":1,"3":1,"4":1,"5":1,"6":1,"7":1,"8":1,"9":1,"10":1},"f":{"0":1},"b":{"0":[0]},"_coverageSchema":"1a1c01bbd47fc00a2c39e90264f33305004495a9","hash":"7270db3084720b33db081a35d8401af4cae9d34e"}
,"C:\\myWork\\node-course\\task2\\rs-node-js-cli\\index.js": {"path":"C:\\myWork\\node-course\\task2\\rs-node-js-cli\\index.js","statementMap":{"0":{"start":{"line":1,"column":11},"end":{"line":1,"column":24}},"1":{"start":{"line":2,"column":22},"end":{"line":2,"column":44}},"2":{"start":{"line":3,"column":21},"end":{"line":3,"column":38}},"3":{"start":{"line":5,"column":15},"end":{"line":5,"column":34}},"4":{"start":{"line":6,"column":32},"end":{"line":6,"column":40}},"5":{"start":{"line":7,"column":19},"end":{"line":9,"column":17}},"6":{"start":{"line":11,"column":20},"end":{"line":15,"column":18}},"7":{"start":{"line":17,"column":0},"end":{"line":21,"column":3}},"8":{"start":{"line":18,"column":2},"end":{"line":20,"column":3}},"9":{"start":{"line":19,"column":4},"end":{"line":19,"column":43}}},"fnMap":{"0":{"name":"(anonymous_0)","decl":{"start":{"line":17,"column":48},"end":{"line":17,"column":49}},"loc":{"start":{"line":17,"column":57},"end":{"line":21,"column":1}},"line":17}},"branchMap":{"0":{"loc":{"start":{"line":7,"column":19},"end":{"line":9,"column":17}},"type":"cond-expr","locations":[{"start":{"line":8,"column":4},"end":{"line":8,"column":30}},{"start":{"line":9,"column":4},"end":{"line":9,"column":17}}],"line":7},"1":{"loc":{"start":{"line":11,"column":20},"end":{"line":15,"column":18}},"type":"cond-expr","locations":[{"start":{"line":12,"column":4},"end":{"line":14,"column":6}},{"start":{"line":15,"column":4},"end":{"line":15,"column":18}}],"line":11},"2":{"loc":{"start":{"line":18,"column":2},"end":{"line":20,"column":3}},"type":"if","locations":[{"start":{"line":18,"column":2},"end":{"line":20,"column":3}},{"start":{},"end":{}}],"line":18}},"s":{"0":0,"1":0,"2":0,"3":0,"4":0,"5":0,"6":0,"7":0,"8":0,"9":0},"f":{"0":0},"b":{"0":[0,0],"1":[0,0],"2":[0,0]}}
,"C:\\myWork\\node-course\\task2\\rs-node-js-cli\\setMethod.js": {"path":"C:\\myWork\\node-course\\task2\\rs-node-js-cli\\setMethod.js","statementMap":{"0":{"start":{"line":1,"column":15},"end":{"line":1,"column":34}},"1":{"start":{"line":2,"column":28},"end":{"line":2,"column":60}},"2":{"start":{"line":3,"column":17},"end":{"line":3,"column":25}},"3":{"start":{"line":4,"column":18},"end":{"line":6,"column":51}},"4":{"start":{"line":6,"column":19},"end":{"line":6,"column":50}},"5":{"start":{"line":7,"column":0},"end":{"line":7,"column":14}},"6":{"start":{"line":8,"column":0},"end":{"line":10,"column":2}}},"fnMap":{"0":{"name":"(anonymous_0)","decl":{"start":{"line":6,"column":7},"end":{"line":6,"column":8}},"loc":{"start":{"line":6,"column":19},"end":{"line":6,"column":50}},"line":6}},"branchMap":{},"s":{"0":0,"1":0,"2":0,"3":0,"4":0,"5":0,"6":0},"f":{"0":0},"b":{}}
,"C:\\myWork\\node-course\\task2\\rs-node-js-cli\\transformTextStream.js": {"path":"C:\\myWork\\node-course\\task2\\rs-node-js-cli\\transformTextStream.js","statementMap":{"0":{"start":{"line":1,"column":19},"end":{"line":1,"column":41}},"1":{"start":{"line":2,"column":22},"end":{"line":2,"column":39}},"2":{"start":{"line":5,"column":4},"end":{"line":5,"column":12}},"3":{"start":{"line":6,"column":4},"end":{"line":6,"column":25}},"4":{"start":{"line":7,"column":4},"end":{"line":7,"column":25}},"5":{"start":{"line":11,"column":4},"end":{"line":11,"column":35}},"6":{"start":{"line":12,"column":4},"end":{"line":17,"column":5}},"7":{"start":{"line":13,"column":27},"end":{"line":13,"column":66}},"8":{"start":{"line":14,"column":6},"end":{"line":14,"column":35}},"9":{"start":{"line":16,"column":6},"end":{"line":16,"column":20}},"10":{"start":{"line":21,"column":0},"end":{"line":21,"column":37}}},"fnMap":{"0":{"name":"(anonymous_0)","decl":{"start":{"line":4,"column":2},"end":{"line":4,"column":3}},"loc":{"start":{"line":4,"column":19},"end":{"line":8,"column":3}},"line":4},"1":{"name":"(anonymous_1)","decl":{"start":{"line":10,"column":2},"end":{"line":10,"column":3}},"loc":{"start":{"line":10,"column":40},"end":{"line":18,"column":3}},"line":10}},"branchMap":{},"s":{"0":0,"1":0,"2":0,"3":0,"4":0,"5":0,"6":0,"7":0,"8":0,"9":0,"10":0},"f":{"0":0,"1":0},"b":{}}
,"C:\\myWork\\node-course\\task2\\rs-node-js-cli\\validationArg.js": {"path":"C:\\myWork\\node-course\\task2\\rs-node-js-cli\\validationArg.js","statementMap":{"0":{"start":{"line":2,"column":20},"end":{"line":2,"column":44}},"1":{"start":{"line":3,"column":22},"end":{"line":3,"column":48}},"2":{"start":{"line":5,"column":22},"end":{"line":33,"column":1}},"3":{"start":{"line":6,"column":19},"end":{"line":6,"column":20}},"4":{"start":{"line":7,"column":19},"end":{"line":7,"column":20}},"5":{"start":{"line":8,"column":19},"end":{"line":8,"column":20}},"6":{"start":{"line":9,"column":0},"end":{"line":13,"column":2}},"7":{"start":{"line":10,"column":4},"end":{"line":10,"column":51}},"8":{"start":{"line":10,"column":40},"end":{"line":10,"column":51}},"9":{"start":{"line":11,"column":4},"end":{"line":11,"column":50}},"10":{"start":{"line":11,"column":39},"end":{"line":11,"column":50}},"11":{"start":{"line":12,"column":4},"end":{"line":12,"column":51}},"12":{"start":{"line":12,"column":40},"end":{"line":12,"column":51}},"13":{"start":{"line":14,"column":0},"end":{"line":31,"column":1}},"14":{"start":{"line":15,"column":4},"end":{"line":17,"column":5}},"15":{"start":{"line":16,"column":8},"end":{"line":16,"column":49}},"16":{"start":{"line":18,"column":4},"end":{"line":20,"column":5}},"17":{"start":{"line":19,"column":8},"end":{"line":19,"column":79}},"18":{"start":{"line":21,"column":0},"end":{"line":23,"column":1}},"19":{"start":{"line":22,"column":4},"end":{"line":22,"column":75}},"20":{"start":{"line":25,"column":0},"end":{"line":27,"column":1}},"21":{"start":{"line":26,"column":4},"end":{"line":26,"column":75}},"22":{"start":{"line":30,"column":4},"end":{"line":30,"column":22}},"23":{"start":{"line":35,"column":0},"end":{"line":35,"column":30}}},"fnMap":{"0":{"name":"(anonymous_0)","decl":{"start":{"line":5,"column":22},"end":{"line":5,"column":23}},"loc":{"start":{"line":5,"column":35},"end":{"line":33,"column":1}},"line":5},"1":{"name":"(anonymous_1)","decl":{"start":{"line":9,"column":12},"end":{"line":9,"column":13}},"loc":{"start":{"line":9,"column":20},"end":{"line":13,"column":1}},"line":9}},"branchMap":{"0":{"loc":{"start":{"line":10,"column":4},"end":{"line":10,"column":51}},"type":"if","locations":[{"start":{"line":10,"column":4},"end":{"line":10,"column":51}},{"start":{},"end":{}}],"line":10},"1":{"loc":{"start":{"line":10,"column":8},"end":{"line":10,"column":38}},"type":"binary-expr","locations":[{"start":{"line":10,"column":8},"end":{"line":10,"column":18}},{"start":{"line":10,"column":22},"end":{"line":10,"column":38}}],"line":10},"2":{"loc":{"start":{"line":11,"column":4},"end":{"line":11,"column":50}},"type":"if","locations":[{"start":{"line":11,"column":4},"end":{"line":11,"column":50}},{"start":{},"end":{}}],"line":11},"3":{"loc":{"start":{"line":11,"column":8},"end":{"line":11,"column":37}},"type":"binary-expr","locations":[{"start":{"line":11,"column":8},"end":{"line":11,"column":18}},{"start":{"line":11,"column":22},"end":{"line":11,"column":37}}],"line":11},"4":{"loc":{"start":{"line":12,"column":4},"end":{"line":12,"column":51}},"type":"if","locations":[{"start":{"line":12,"column":4},"end":{"line":12,"column":51}},{"start":{},"end":{}}],"line":12},"5":{"loc":{"start":{"line":12,"column":8},"end":{"line":12,"column":38}},"type":"binary-expr","locations":[{"start":{"line":12,"column":8},"end":{"line":12,"column":18}},{"start":{"line":12,"column":22},"end":{"line":12,"column":38}}],"line":12},"6":{"loc":{"start":{"line":15,"column":4},"end":{"line":17,"column":5}},"type":"if","locations":[{"start":{"line":15,"column":4},"end":{"line":17,"column":5}},{"start":{},"end":{}}],"line":15},"7":{"loc":{"start":{"line":18,"column":4},"end":{"line":20,"column":5}},"type":"if","locations":[{"start":{"line":18,"column":4},"end":{"line":20,"column":5}},{"start":{},"end":{}}],"line":18},"8":{"loc":{"start":{"line":21,"column":0},"end":{"line":23,"column":1}},"type":"if","locations":[{"start":{"line":21,"column":0},"end":{"line":23,"column":1}},{"start":{},"end":{}}],"line":21},"9":{"loc":{"start":{"line":25,"column":0},"end":{"line":27,"column":1}},"type":"if","locations":[{"start":{"line":25,"column":0},"end":{"line":27,"column":1}},{"start":{},"end":{}}],"line":25}},"s":{"0":2,"1":2,"2":2,"3":5,"4":5,"5":5,"6":5,"7":31,"8":5,"9":31,"10":6,"11":31,"12":6,"13":5,"14":5,"15":1,"16":4,"17":1,"18":3,"19":1,"20":2,"21":1,"22":4,"23":2},"f":{"0":5,"1":31},"b":{"0":[5,26],"1":[31,26],"2":[6,25],"3":[31,25],"4":[6,25],"5":[31,25],"6":[1,4],"7":[1,3],"8":[1,2],"9":[1,1]},"_coverageSchema":"1a1c01bbd47fc00a2c39e90264f33305004495a9","hash":"5285a45f35d249677ee4780a546e236aec383708"}
,"C:\\myWork\\node-course\\task2\\rs-node-js-cli\\validationConfig.js": {"path":"C:\\myWork\\node-course\\task2\\rs-node-js-cli\\validationConfig.js","statementMap":{"0":{"start":{"line":1,"column":20},"end":{"line":1,"column":44}},"1":{"start":{"line":2,"column":22},"end":{"line":2,"column":48}},"2":{"start":{"line":4,"column":25},"end":{"line":22,"column":1}},"3":{"start":{"line":6,"column":15},"end":{"line":6,"column":103}},"4":{"start":{"line":8,"column":0},"end":{"line":20,"column":1}},"5":{"start":{"line":10,"column":18},"end":{"line":10,"column":35}},"6":{"start":{"line":11,"column":0},"end":{"line":15,"column":2}},"7":{"start":{"line":12,"column":4},"end":{"line":14,"column":5}},"8":{"start":{"line":13,"column":8},"end":{"line":13,"column":53}},"9":{"start":{"line":19,"column":4},"end":{"line":19,"column":22}},"10":{"start":{"line":21,"column":0},"end":{"line":21,"column":13}},"11":{"start":{"line":24,"column":0},"end":{"line":24,"column":33}}},"fnMap":{"0":{"name":"(anonymous_0)","decl":{"start":{"line":4,"column":25},"end":{"line":4,"column":26}},"loc":{"start":{"line":4,"column":38},"end":{"line":22,"column":1}},"line":4},"1":{"name":"(anonymous_1)","decl":{"start":{"line":11,"column":18},"end":{"line":11,"column":19}},"loc":{"start":{"line":11,"column":26},"end":{"line":15,"column":1}},"line":11}},"branchMap":{"0":{"loc":{"start":{"line":6,"column":15},"end":{"line":6,"column":103}},"type":"cond-expr","locations":[{"start":{"line":6,"column":42},"end":{"line":6,"column":68}},{"start":{"line":6,"column":71},"end":{"line":6,"column":103}}],"line":6},"1":{"loc":{"start":{"line":12,"column":4},"end":{"line":14,"column":5}},"type":"if","locations":[{"start":{"line":12,"column":4},"end":{"line":14,"column":5}},{"start":{},"end":{}}],"line":12},"2":{"loc":{"start":{"line":12,"column":8},"end":{"line":12,"column":78}},"type":"binary-expr","locations":[{"start":{"line":12,"column":8},"end":{"line":12,"column":19}},{"start":{"line":12,"column":23},"end":{"line":12,"column":34}},{"start":{"line":12,"column":38},"end":{"line":12,"column":48}},{"start":{"line":12,"column":52},"end":{"line":12,"column":63}},{"start":{"line":12,"column":67},"end":{"line":12,"column":78}}],"line":12}},"s":{"0":2,"1":2,"2":2,"3":3,"4":3,"5":3,"6":3,"7":9,"8":1,"9":1,"10":3,"11":2},"f":{"0":3,"1":9},"b":{"0":[3,0],"1":[1,8],"2":[9,9,3,3,1]},"_coverageSchema":"1a1c01bbd47fc00a2c39e90264f33305004495a9","hash":"42560a3da5db3cd01f843be68bad2bac789fa18f"}
,"C:\\myWork\\node-course\\task2\\rs-node-js-cli\\validationFiles.js": {"path":"C:\\myWork\\node-course\\task2\\rs-node-js-cli\\validationFiles.js","statementMap":{"0":{"start":{"line":2,"column":11},"end":{"line":2,"column":24}},"1":{"start":{"line":3,"column":13},"end":{"line":3,"column":28}},"2":{"start":{"line":5,"column":20},"end":{"line":5,"column":44}},"3":{"start":{"line":6,"column":22},"end":{"line":6,"column":48}},"4":{"start":{"line":9,"column":24},"end":{"line":33,"column":1}},"5":{"start":{"line":10,"column":19},"end":{"line":10,"column":20}},"6":{"start":{"line":11,"column":19},"end":{"line":11,"column":20}},"7":{"start":{"line":13,"column":0},"end":{"line":16,"column":2}},"8":{"start":{"line":14,"column":4},"end":{"line":14,"column":50}},"9":{"start":{"line":14,"column":39},"end":{"line":14,"column":50}},"10":{"start":{"line":15,"column":4},"end":{"line":15,"column":51}},"11":{"start":{"line":15,"column":40},"end":{"line":15,"column":51}},"12":{"start":{"line":18,"column":18},"end":{"line":18,"column":105}},"13":{"start":{"line":19,"column":19},"end":{"line":19,"column":105}},"14":{"start":{"line":21,"column":21},"end":{"line":21,"column":45}},"15":{"start":{"line":22,"column":22},"end":{"line":22,"column":47}},"16":{"start":{"line":23,"column":0},"end":{"line":31,"column":1}},"17":{"start":{"line":24,"column":0},"end":{"line":26,"column":1}},"18":{"start":{"line":25,"column":4},"end":{"line":25,"column":61}},"19":{"start":{"line":27,"column":0},"end":{"line":29,"column":1}},"20":{"start":{"line":28,"column":4},"end":{"line":28,"column":62}},"21":{"start":{"line":30,"column":4},"end":{"line":30,"column":22}},"22":{"start":{"line":32,"column":0},"end":{"line":32,"column":30}},"23":{"start":{"line":35,"column":0},"end":{"line":35,"column":32}}},"fnMap":{"0":{"name":"(anonymous_0)","decl":{"start":{"line":9,"column":24},"end":{"line":9,"column":25}},"loc":{"start":{"line":9,"column":37},"end":{"line":33,"column":1}},"line":9},"1":{"name":"(anonymous_1)","decl":{"start":{"line":13,"column":12},"end":{"line":13,"column":13}},"loc":{"start":{"line":13,"column":20},"end":{"line":16,"column":1}},"line":13}},"branchMap":{"0":{"loc":{"start":{"line":14,"column":4},"end":{"line":14,"column":50}},"type":"if","locations":[{"start":{"line":14,"column":4},"end":{"line":14,"column":50}},{"start":{},"end":{}}],"line":14},"1":{"loc":{"start":{"line":14,"column":8},"end":{"line":14,"column":37}},"type":"binary-expr","locations":[{"start":{"line":14,"column":8},"end":{"line":14,"column":18}},{"start":{"line":14,"column":22},"end":{"line":14,"column":37}}],"line":14},"2":{"loc":{"start":{"line":15,"column":4},"end":{"line":15,"column":51}},"type":"if","locations":[{"start":{"line":15,"column":4},"end":{"line":15,"column":51}},{"start":{},"end":{}}],"line":15},"3":{"loc":{"start":{"line":15,"column":8},"end":{"line":15,"column":38}},"type":"binary-expr","locations":[{"start":{"line":15,"column":8},"end":{"line":15,"column":18}},{"start":{"line":15,"column":22},"end":{"line":15,"column":38}}],"line":15},"4":{"loc":{"start":{"line":18,"column":39},"end":{"line":18,"column":104}},"type":"cond-expr","locations":[{"start":{"line":18,"column":66},"end":{"line":18,"column":92}},{"start":{"line":18,"column":95},"end":{"line":18,"column":104}}],"line":18},"5":{"loc":{"start":{"line":19,"column":39},"end":{"line":19,"column":104}},"type":"cond-expr","locations":[{"start":{"line":19,"column":66},"end":{"line":19,"column":92}},{"start":{"line":19,"column":95},"end":{"line":19,"column":104}}],"line":19},"6":{"loc":{"start":{"line":24,"column":0},"end":{"line":26,"column":1}},"type":"if","locations":[{"start":{"line":24,"column":0},"end":{"line":26,"column":1}},{"start":{},"end":{}}],"line":24},"7":{"loc":{"start":{"line":24,"column":4},"end":{"line":24,"column":34}},"type":"binary-expr","locations":[{"start":{"line":24,"column":4},"end":{"line":24,"column":17}},{"start":{"line":24,"column":21},"end":{"line":24,"column":34}}],"line":24},"8":{"loc":{"start":{"line":27,"column":0},"end":{"line":29,"column":1}},"type":"if","locations":[{"start":{"line":27,"column":0},"end":{"line":29,"column":1}},{"start":{},"end":{}}],"line":27},"9":{"loc":{"start":{"line":27,"column":4},"end":{"line":27,"column":35}},"type":"binary-expr","locations":[{"start":{"line":27,"column":4},"end":{"line":27,"column":18}},{"start":{"line":27,"column":22},"end":{"line":27,"column":35}}],"line":27}},"s":{"0":2,"1":2,"2":2,"3":2,"4":2,"5":4,"6":4,"7":4,"8":24,"9":4,"10":24,"11":4,"12":4,"13":4,"14":4,"15":4,"16":4,"17":4,"18":1,"19":3,"20":1,"21":2,"22":4,"23":2},"f":{"0":4,"1":24},"b":{"0":[4,20],"1":[24,20],"2":[4,20],"3":[24,20],"4":[4,0],"5":[4,0],"6":[1,3],"7":[4,1],"8":[1,2],"9":[3,1]},"_coverageSchema":"1a1c01bbd47fc00a2c39e90264f33305004495a9","hash":"3dbf77b71f461c3f959af95903cba0704ca3066c"}
}
