TN:
SF:cipher.js
FN:4,(anonymous_0)
FN:7,(anonymous_1)
FNF:2
FNH:2
FNDA:2,(anonymous_0)
FNDA:82,(anonymous_1)
DA:1,1
DA:2,1
DA:4,1
DA:5,2
DA:8,82
DA:10,82
DA:11,82
DA:12,60
DA:13,60
DA:14,60
DA:15,60
DA:17,60
DA:18,30
DA:21,60
DA:23,60
DA:24,0
DA:27,60
DA:28,60
DA:30,60
DA:31,4
DA:33,60
DA:35,22
DA:41,1
LF:23
LH:22
BRDA:4,0,0,1
BRDA:11,1,0,60
BRDA:11,1,1,22
BRDA:14,2,0,0
BRDA:14,2,1,60
BRDA:15,3,0,30
BRDA:15,3,1,30
BRDA:17,4,0,30
BRDA:17,4,1,30
BRDA:23,5,0,0
BRDA:23,5,1,60
BRDA:28,6,0,30
BRDA:28,6,1,30
BRDA:30,7,0,4
BRDA:30,7,1,56
BRF:15
BRH:13
end_of_record
TN:
SF:customError.js
FN:3,(anonymous_0)
FNF:1
FNH:1
FNDA:7,(anonymous_0)
DA:4,7
DA:5,7
DA:6,7
DA:7,7
DA:11,3
LF:5
LH:5
BRDA:3,0,0,7
BRF:1
BRH:1
end_of_record
TN:
SF:errorHeandler.js
FN:1,(anonymous_0)
FNF:1
FNH:1
FNDA:8,(anonymous_0)
DA:1,4
DA:2,8
DA:3,8
DA:4,7
DA:6,1
DA:7,7
DA:9,4
LF:7
LH:7
BRDA:3,0,0,7
BRDA:3,0,1,1
BRF:2
BRH:2
end_of_record
TN:
SF:getArg.js
FNF:0
FNH:0
DA:1,0
DA:2,0
DA:3,0
DA:5,0
DA:7,0
DA:8,0
DA:9,0
DA:11,0
DA:17,0
LF:9
LH:0
BRF:0
BRH:0
end_of_record
TN:
SF:index.js
FN:18,(anonymous_0)
FNF:1
FNH:0
FNDA:0,(anonymous_0)
DA:1,0
DA:2,0
DA:3,0
DA:4,0
DA:6,0
DA:7,0
DA:8,0
DA:12,0
DA:18,0
DA:19,0
DA:20,0
LF:11
LH:0
BRDA:8,0,0,0
BRDA:8,0,1,0
BRDA:12,1,0,0
BRDA:12,1,1,0
BRDA:19,2,0,0
BRDA:19,2,1,0
BRF:6
BRH:0
end_of_record
TN:
SF:setMethod.js
FN:6,(anonymous_0)
FNF:1
FNH:0
FNDA:0,(anonymous_0)
DA:1,0
DA:2,0
DA:3,0
DA:4,0
DA:6,0
DA:8,0
LF:6
LH:0
BRF:0
BRH:0
end_of_record
TN:
SF:transformTextStream.js
FN:4,(anonymous_0)
FN:10,(anonymous_1)
FNF:2
FNH:0
FNDA:0,(anonymous_0)
FNDA:0,(anonymous_1)
DA:1,0
DA:2,0
DA:5,0
DA:6,0
DA:7,0
DA:11,0
DA:12,0
DA:13,0
DA:14,0
DA:16,0
DA:21,0
LF:11
LH:0
BRF:0
BRH:0
end_of_record
TN:
SF:vakidationConfig.js
FN:4,(anonymous_0)
FN:10,(anonymous_1)
FNF:2
FNH:2
FNDA:2,(anonymous_0)
FNDA:6,(anonymous_1)
DA:1,1
DA:2,1
DA:4,1
DA:6,2
DA:7,2
DA:9,2
DA:10,2
DA:11,6
DA:12,1
DA:18,1
DA:20,2
DA:23,1
LF:12
LH:12
BRDA:11,0,0,1
BRDA:11,0,1,5
BRDA:11,1,0,6
BRDA:11,1,1,6
BRDA:11,1,2,2
BRDA:11,1,3,2
BRDA:11,1,4,1
BRF:7
BRH:7
end_of_record
TN:
SF:validationArg.js
FN:5,(anonymous_0)
FN:9,(anonymous_1)
FNF:2
FNH:2
FNDA:4,(anonymous_0)
FNDA:25,(anonymous_1)
DA:2,1
DA:3,1
DA:5,1
DA:6,4
DA:7,4
DA:8,4
DA:9,4
DA:10,25
DA:11,25
DA:12,25
DA:14,4
DA:15,4
DA:16,1
DA:18,3
DA:19,1
DA:21,2
DA:22,1
DA:24,1
DA:25,1
DA:28,4
DA:33,1
LF:21
LH:21
BRDA:10,0,0,4
BRDA:10,0,1,21
BRDA:11,1,0,5
BRDA:11,1,1,20
BRDA:12,2,0,5
BRDA:12,2,1,20
BRDA:15,3,0,1
BRDA:15,3,1,3
BRDA:18,4,0,1
BRDA:18,4,1,2
BRDA:21,5,0,1
BRDA:21,5,1,1
BRDA:24,6,0,1
BRDA:24,6,1,0
BRF:14
BRH:13
end_of_record
TN:
SF:validationFiles.js
FN:8,(anonymous_0)
FN:12,(anonymous_1)
FNF:2
FNH:2
FNDA:3,(anonymous_0)
FNDA:18,(anonymous_1)
DA:2,1
DA:4,1
DA:5,1
DA:8,1
DA:9,3
DA:10,3
DA:12,3
DA:13,18
DA:14,18
DA:17,3
DA:18,3
DA:20,3
DA:21,3
DA:22,3
DA:23,3
DA:24,1
DA:26,2
DA:27,1
DA:29,2
DA:31,3
DA:34,1
LF:21
LH:21
BRDA:13,0,0,3
BRDA:13,0,1,15
BRDA:14,1,0,3
BRDA:14,1,1,15
BRDA:17,2,0,3
BRDA:17,2,1,0
BRDA:18,3,0,3
BRDA:18,3,1,0
BRDA:23,4,0,1
BRDA:23,4,1,2
BRDA:23,5,0,3
BRDA:23,5,1,1
BRDA:26,6,0,1
BRDA:26,6,1,1
BRDA:26,7,0,2
BRDA:26,7,1,1
BRF:16
BRH:14
end_of_record
