TN:
SF:cipher.js
FN:4,(anonymous_0)
FN:7,(anonymous_1)
FNF:2
FNH:2
FNDA:3,(anonymous_0)
FNDA:123,(anonymous_1)
DA:1,1
DA:2,1
DA:4,1
DA:5,3
DA:8,123
DA:10,123
DA:11,123
DA:12,90
DA:13,90
DA:14,90
DA:15,90
DA:17,90
DA:18,60
DA:21,90
DA:23,90
DA:24,11
DA:27,90
DA:28,90
DA:30,90
DA:31,6
DA:33,90
DA:35,33
DA:41,1
LF:23
LH:23
BRDA:4,0,0,1
BRDA:11,1,0,90
BRDA:11,1,1,33
BRDA:14,2,0,30
BRDA:14,2,1,60
BRDA:15,3,0,30
BRDA:15,3,1,60
BRDA:17,4,0,60
BRDA:17,4,1,30
BRDA:23,5,0,11
BRDA:23,5,1,79
BRDA:28,6,0,30
BRDA:28,6,1,60
BRDA:30,7,0,6
BRDA:30,7,1,84
BRF:15
BRH:15
end_of_record
TN:
SF:customError.js
FN:3,(anonymous_0)
FNF:1
FNH:1
FNDA:7,(anonymous_0)
DA:4,7
DA:5,7
DA:6,7
DA:7,7
DA:11,4
LF:5
LH:5
BRDA:3,0,0,7
BRF:1
BRH:1
end_of_record
TN:
SF:errorHeandler.js
FN:1,(anonymous_0)
FNF:1
FNH:1
FNDA:8,(anonymous_0)
DA:1,5
DA:2,8
DA:3,8
DA:4,7
DA:6,1
DA:7,7
DA:9,5
LF:7
LH:7
BRDA:3,0,0,7
BRDA:3,0,1,1
BRF:2
BRH:2
end_of_record
TN:
SF:getArg.js
FN:6,(anonymous_0)
FNF:1
FNH:1
FNDA:1,(anonymous_0)
DA:1,1
DA:2,1
DA:3,1
DA:5,1
DA:6,1
DA:7,1
DA:8,1
DA:9,1
DA:11,1
DA:16,1
DA:18,1
LF:11
LH:11
BRDA:6,0,0,0
BRF:1
BRH:0
end_of_record
TN:
SF:index.js
FN:17,(anonymous_0)
FNF:1
FNH:0
FNDA:0,(anonymous_0)
DA:1,0
DA:2,0
DA:3,0
DA:5,0
DA:6,0
DA:7,0
DA:11,0
DA:17,0
DA:18,0
DA:19,0
LF:10
LH:0
BRDA:7,0,0,0
BRDA:7,0,1,0
BRDA:11,1,0,0
BRDA:11,1,1,0
BRDA:18,2,0,0
BRDA:18,2,1,0
BRF:6
BRH:0
end_of_record
TN:
SF:setMethod.js
FN:6,(anonymous_0)
FNF:1
FNH:0
FNDA:0,(anonymous_0)
DA:1,0
DA:2,0
DA:3,0
DA:4,0
DA:6,0
DA:7,0
DA:8,0
LF:7
LH:0
BRF:0
BRH:0
end_of_record
TN:
SF:transformTextStream.js
FN:4,(anonymous_0)
FN:10,(anonymous_1)
FNF:2
FNH:0
FNDA:0,(anonymous_0)
FNDA:0,(anonymous_1)
DA:1,0
DA:2,0
DA:5,0
DA:6,0
DA:7,0
DA:11,0
DA:12,0
DA:13,0
DA:14,0
DA:16,0
DA:21,0
LF:11
LH:0
BRF:0
BRH:0
end_of_record
TN:
SF:validationArg.js
FN:5,(anonymous_0)
FN:9,(anonymous_1)
FNF:2
FNH:2
FNDA:5,(anonymous_0)
FNDA:31,(anonymous_1)
DA:2,2
DA:3,2
DA:5,2
DA:6,5
DA:7,5
DA:8,5
DA:9,5
DA:10,31
DA:11,31
DA:12,31
DA:14,5
DA:15,5
DA:16,1
DA:18,4
DA:19,1
DA:21,3
DA:22,1
DA:25,2
DA:26,1
DA:30,4
DA:35,2
LF:21
LH:21
BRDA:10,0,0,5
BRDA:10,0,1,26
BRDA:10,1,0,31
BRDA:10,1,1,26
BRDA:11,2,0,6
BRDA:11,2,1,25
BRDA:11,3,0,31
BRDA:11,3,1,25
BRDA:12,4,0,6
BRDA:12,4,1,25
BRDA:12,5,0,31
BRDA:12,5,1,25
BRDA:15,6,0,1
BRDA:15,6,1,4
BRDA:18,7,0,1
BRDA:18,7,1,3
BRDA:21,8,0,1
BRDA:21,8,1,2
BRDA:25,9,0,1
BRDA:25,9,1,1
BRF:20
BRH:20
end_of_record
TN:
SF:validationConfig.js
FN:4,(anonymous_0)
FN:11,(anonymous_1)
FNF:2
FNH:2
FNDA:3,(anonymous_0)
FNDA:9,(anonymous_1)
DA:1,2
DA:2,2
DA:4,2
DA:6,3
DA:8,3
DA:10,3
DA:11,3
DA:12,9
DA:13,1
DA:19,1
DA:21,3
DA:24,2
LF:12
LH:12
BRDA:6,0,0,3
BRDA:6,0,1,0
BRDA:12,1,0,1
BRDA:12,1,1,8
BRDA:12,2,0,9
BRDA:12,2,1,9
BRDA:12,2,2,3
BRDA:12,2,3,3
BRDA:12,2,4,1
BRF:9
BRH:8
end_of_record
TN:
SF:validationFiles.js
FN:9,(anonymous_0)
FN:13,(anonymous_1)
FNF:2
FNH:2
FNDA:4,(anonymous_0)
FNDA:24,(anonymous_1)
DA:2,2
DA:3,2
DA:5,2
DA:6,2
DA:9,2
DA:10,4
DA:11,4
DA:13,4
DA:14,24
DA:15,24
DA:18,4
DA:19,4
DA:21,4
DA:22,4
DA:23,4
DA:24,4
DA:25,1
DA:27,3
DA:28,1
DA:30,2
DA:32,4
DA:35,2
LF:22
LH:22
BRDA:14,0,0,4
BRDA:14,0,1,20
BRDA:14,1,0,24
BRDA:14,1,1,20
BRDA:15,2,0,4
BRDA:15,2,1,20
BRDA:15,3,0,24
BRDA:15,3,1,20
BRDA:18,4,0,4
BRDA:18,4,1,0
BRDA:19,5,0,4
BRDA:19,5,1,0
BRDA:24,6,0,1
BRDA:24,6,1,3
BRDA:24,7,0,4
BRDA:24,7,1,1
BRDA:27,8,0,1
BRDA:27,8,1,2
BRDA:27,9,0,3
BRDA:27,9,1,1
BRF:20
BRH:18
end_of_record
